Using pre-set license

 COMMAND LINE ARGUMENTS:
/Applications/Unity/Hub/Editor/2020.3.11f1/Unity.app/Contents/MacOS/Unity
-adb2
-batchMode
-noUpm
-name
AssetImportWorker0
-projectPath
/Users/tony/Documents/Unity Projects/Car Control Practice
-logFile
Logs/AssetImportWorker0.log
-srvPort
51124
Successfully changed project path to: /Users/tony/Documents/Unity Projects/Car Control Practice
/Users/tony/Documents/Unity Projects/Car Control Practice
Using Asset Import Pipeline V2.
Refreshing native plugins compatible for Editor in 32.93 ms, found 2 plugins.
Preloading 0 native plugins for Editor in 0.00 ms.
Initialize engine version: 2020.3.11f1 (99c7afb366b3)
[Subsystems] Discovering subsystems at path /Applications/Unity/Hub/Editor/2020.3.11f1/Unity.app/Contents/Resources/UnitySubsystems
[Subsystems] Discovering subsystems at path /Users/tony/Documents/Unity Projects/Car Control Practice/Assets
GfxDevice: creating device client; threaded=0
2022-02-25 17:27:32.229 Unity[60661:8391621] Color LCD preferred device: AMD Radeon Pro 560 (high power)
2022-02-25 17:27:32.229 Unity[60661:8391621] Metal devices available: 2
2022-02-25 17:27:32.229 Unity[60661:8391621] 0: AMD Radeon Pro 560 (high power)
2022-02-25 17:27:32.229 Unity[60661:8391621] 1: Intel(R) HD Graphics 630 (low power)
2022-02-25 17:27:32.230 Unity[60661:8391621] Using device AMD Radeon Pro 560 (high power)
Initializing Metal device caps: AMD Radeon Pro 560
Initialize mono
Mono path[0] = '/Applications/Unity/Hub/Editor/2020.3.11f1/Unity.app/Contents/Managed'
Mono path[1] = '/Applications/Unity/Hub/Editor/2020.3.11f1/Unity.app/Contents/MonoBleedingEdge/lib/mono/unityjit'
Mono config path = '/Applications/Unity/Hub/Editor/2020.3.11f1/Unity.app/Contents/MonoBleedingEdge/etc'
Using monoOptions --debugger-agent=transport=dt_socket,embedding=1,server=y,suspend=n,address=127.0.0.1:56661
Begin MonoManager ReloadAssembly
Registering precompiled unity dll's ...
Register platform support module: /Applications/Unity/Hub/Editor/2020.3.11f1/Unity.app/Contents/PlaybackEngines/MacStandaloneSupport/UnityEditor.OSXStandalone.Extensions.dll
Registered in 0.000786 seconds.
Native extension for OSXStandalone target not found
Refreshing native plugins compatible for Editor in 29.89 ms, found 2 plugins.
Preloading 0 native plugins for Editor in 0.00 ms.
Mono: successfully reloaded assembly
- Completed reload, in  2.169 seconds
Platform modules already initialized, skipping
Registering precompiled user dll's ...
Registered in 0.002541 seconds.
Begin MonoManager ReloadAssembly
Native extension for OSXStandalone target not found
Refreshing native plugins compatible for Editor in 0.33 ms, found 2 plugins.
Preloading 0 native plugins for Editor in 0.00 ms.
Mono: successfully reloaded assembly
- Completed reload, in  1.257 seconds
Platform modules already initialized, skipping
========================================================================
Worker process is ready to serve import requests
Launching external process: /Applications/Unity/Hub/Editor/2020.3.11f1/Unity.app/Contents/Tools/UnityShaderCompiler
Launched and connected shader compiler UnityShaderCompiler after 0.01 seconds
Refreshing native plugins compatible for Editor in 0.63 ms, found 2 plugins.
Preloading 0 native plugins for Editor in 0.00 ms.
Unloading 1399 Unused Serialized files (Serialized files now loaded: 0)
System memory in use before: 136.9 MB.
System memory in use after: 137.0 MB.

Unloading 19 unused Assets to reduce memory usage. Loaded Objects now: 1834.
Total: 4.054330 ms (FindLiveObjects: 0.367666 ms CreateObjectMapping: 0.118170 ms MarkObjects: 3.447001 ms  DeleteObjects: 0.119652 ms)

========================================================================
Received Prepare
Registering precompiled user dll's ...
Registered in 0.001440 seconds.
Begin MonoManager ReloadAssembly
Native extension for OSXStandalone target not found
Refreshing native plugins compatible for Editor in 0.33 ms, found 2 plugins.
Preloading 0 native plugins for Editor in 0.00 ms.
Mono: successfully reloaded assembly
- Completed reload, in  1.174 seconds
Platform modules already initialized, skipping
Refreshing native plugins compatible for Editor in 0.34 ms, found 2 plugins.
Preloading 0 native plugins for Editor in 0.00 ms.
Unloading 1394 Unused Serialized files (Serialized files now loaded: 0)
System memory in use before: 137.0 MB.
System memory in use after: 137.1 MB.

Unloading 14 unused Assets to reduce memory usage. Loaded Objects now: 1836.
Total: 1.977065 ms (FindLiveObjects: 0.190192 ms CreateObjectMapping: 0.054178 ms MarkObjects: 1.673215 ms  DeleteObjects: 0.058408 ms)

========================================================================
Received Import Request.
  path: Assets/Script/Player/PlayerController.cs
  artifactKey: Guid(be0633ffa778f4140a0f8377e382b9b5) Importer(815301076,1909f56bfc062723c751e8b465ee728b)
Start importing Assets/Script/Player/PlayerController.cs using Guid(be0633ffa778f4140a0f8377e382b9b5) Importer(815301076,1909f56bfc062723c751e8b465ee728b)  -> (artifact id: 'cc6582d98b32e15d9e9dbbce2dcc0cf3') in 0.507864 seconds
  Import took 0.511306 seconds .

========================================================================
Received Import Request.
  Time since last request: 207.173583 seconds.
  path: Assets/Model/CES_lobby.obj
  artifactKey: Guid(16ff5f76e0f4546e984010558ff5b9ea) Importer(815301076,1909f56bfc062723c751e8b465ee728b)
Start importing Assets/Model/CES_lobby.obj using Guid(16ff5f76e0f4546e984010558ff5b9ea) Importer(815301076,1909f56bfc062723c751e8b465ee728b)  -> (artifact id: '3336b73800a7b503ed6a1fae2af2dc7b') in 2.685888 seconds
  Import took 2.694224 seconds .

